2019-02-13 15:18:58,407  INFO AbstractContextLoader:242 - Could not detect default resource locations for test class [com.didispace.ApplicationTests]: no resource found for suffixes {-context.xml, Context.groovy}.
2019-02-13 15:18:58,433  INFO DefaultTestContextBootstrapper:259 - Loaded default TestExecutionListener class names from location [META-INF/spring.factories]: [org.springframework.test.context.web.ServletTestExecutionListener, org.springframework.test.context.support.DirtiesContextBeforeModesTestExecutionListener, org.springframework.test.context.support.DependencyInjectionTestExecutionListener, org.springframework.test.context.support.DirtiesContextTestExecutionListener, org.springframework.test.context.transaction.TransactionalTestExecutionListener, org.springframework.test.context.jdbc.SqlScriptsTestExecutionListener]
2019-02-13 15:18:58,442  INFO DefaultTestContextBootstrapper:207 - Could not instantiate TestExecutionListener [org.springframework.test.context.transaction.TransactionalTestExecutionListener]. Specify custom listener classes or make the default listener classes (and their required dependencies) available. Offending class: [org/springframework/transaction/interceptor/TransactionAttributeSource]
2019-02-13 15:18:58,443  INFO DefaultTestContextBootstrapper:207 - Could not instantiate TestExecutionListener [org.springframework.test.context.web.ServletTestExecutionListener]. Specify custom listener classes or make the default listener classes (and their required dependencies) available. Offending class: [javax/servlet/ServletContext]
2019-02-13 15:18:58,448  INFO DefaultTestContextBootstrapper:207 - Could not instantiate TestExecutionListener [org.springframework.test.context.jdbc.SqlScriptsTestExecutionListener]. Specify custom listener classes or make the default listener classes (and their required dependencies) available. Offending class: [org/springframework/transaction/interceptor/TransactionAttribute]
2019-02-13 15:18:58,451  INFO DefaultTestContextBootstrapper:185 - Using TestExecutionListeners: [org.springframework.test.context.support.DirtiesContextBeforeModesTestExecutionListener@47c62251, org.springframework.test.context.support.DependencyInjectionTestExecutionListener@3e6fa38a, org.springframework.test.context.support.DirtiesContextTestExecutionListener@66a3ffec]
2019-02-13 15:18:58,466  INFO AbstractContextLoader:242 - Could not detect default resource locations for test class [com.didispace.ApplicationTests]: no resource found for suffixes {-context.xml, Context.groovy}.
2019-02-13 15:18:58,474  INFO DefaultTestContextBootstrapper:259 - Loaded default TestExecutionListener class names from location [META-INF/spring.factories]: [org.springframework.test.context.web.ServletTestExecutionListener, org.springframework.test.context.support.DirtiesContextBeforeModesTestExecutionListener, org.springframework.test.context.support.DependencyInjectionTestExecutionListener, org.springframework.test.context.support.DirtiesContextTestExecutionListener, org.springframework.test.context.transaction.TransactionalTestExecutionListener, org.springframework.test.context.jdbc.SqlScriptsTestExecutionListener]
2019-02-13 15:18:58,476  INFO DefaultTestContextBootstrapper:207 - Could not instantiate TestExecutionListener [org.springframework.test.context.transaction.TransactionalTestExecutionListener]. Specify custom listener classes or make the default listener classes (and their required dependencies) available. Offending class: [org/springframework/transaction/interceptor/TransactionAttributeSource]
2019-02-13 15:18:58,478  INFO DefaultTestContextBootstrapper:207 - Could not instantiate TestExecutionListener [org.springframework.test.context.web.ServletTestExecutionListener]. Specify custom listener classes or make the default listener classes (and their required dependencies) available. Offending class: [javax/servlet/ServletContext]
2019-02-13 15:18:58,481  INFO DefaultTestContextBootstrapper:207 - Could not instantiate TestExecutionListener [org.springframework.test.context.jdbc.SqlScriptsTestExecutionListener]. Specify custom listener classes or make the default listener classes (and their required dependencies) available. Offending class: [org/springframework/transaction/interceptor/TransactionAttribute]
2019-02-13 15:18:58,482  INFO DefaultTestContextBootstrapper:185 - Using TestExecutionListeners: [org.springframework.test.context.support.DirtiesContextBeforeModesTestExecutionListener@146ba0ac, org.springframework.test.context.support.DependencyInjectionTestExecutionListener@4dfa3a9d, org.springframework.test.context.support.DirtiesContextTestExecutionListener@6eebc39e]
2019-02-13 15:18:58,972  INFO ApplicationTests:48 - Starting ApplicationTests on a-PC with PID 14444 (D:\java\Note\JAVA\EE\SpringBoot\SpringBootTutorialSeries\Chapter4-2-2\target\test-classes started by a in D:\java\Note\JAVA\EE\SpringBoot\SpringBootTutorialSeries\Chapter4-2-2)
2019-02-13 15:18:58,988 DEBUG ApplicationTests:51 - Running with Spring Boot v1.3.2.RELEASE, Spring v4.2.4.RELEASE
2019-02-13 15:18:58,988  INFO ApplicationTests:666 - No active profile set, falling back to default profiles: default
2019-02-13 15:18:59,019  INFO AnnotationConfigApplicationContext:578 - Refreshing org.springframework.context.annotation.AnnotationConfigApplicationContext@3e3047e6: startup date [Wed Feb 13 15:18:59 CST 2019]; root of context hierarchy
2019-02-13 15:18:59,990  INFO ApplicationTests:57 - Started ApplicationTests in 1.375 seconds (JVM running for 2.106)
2019-02-13 15:19:00,001  INFO ApplicationTests:18 - Êä³öinfo
2019-02-13 15:19:00,002 DEBUG ApplicationTests:19 - Êä³ödebug
2019-02-13 15:19:00,002 ERROR ApplicationTests:20 - Êä³öerror
2019-02-13 15:19:00,014  INFO AnnotationConfigApplicationContext:960 - Closing org.springframework.context.annotation.AnnotationConfigApplicationContext@3e3047e6: startup date [Wed Feb 13 15:18:59 CST 2019]; root of context hierarchy
